[ 2016-09-13T15:38:01+08:00 ]EXCEPTION: show columns from categody ;BindParams:array (
)42S02;1146;La table 'c70_blog.categody' n'existe pas
[ 2016-09-13T15:45:21+08:00 ]EXCEPTION: Method web\home\controller\Entry::__empty() does not exist
[ 2016-09-13T15:46:17+08:00 ]EXCEPTION: Method web\home\controller\Entry::__empty() does not exist
[ 2016-09-13T15:46:20+08:00 ]EXCEPTION: Method web\home\controller\Entry::__empty() does not exist
[ 2016-09-13T16:06:39+08:00 ]EXCEPTION: Method web\home\controller\Entry::__empty() does not exist
[ 2016-09-13T16:06:42+08:00 ]EXCEPTION: Method web\home\controller\Entry::__empty() does not exist
[ 2016-09-13T16:07:16+08:00 ]EXCEPTION: web\home\controller\Listpage 不存在
[ 2016-09-13T16:13:25+08:00 ]EXCEPTION: SELECT * FROM article_tag  WHERE tag_tid = ? AND is_recycle = ?     ;BindParams:array (
  1 => '1',
  2 => 1,
)42S22;1054;Champ 'is_recycle' inconnu dans where clause
[ 2016-09-13T16:14:03+08:00 ]EXCEPTION: SELECT * FROM article_tag  WHERE tag_tid = ? AND is_recycle = ?     ;BindParams:array (
  1 => '1',
  2 => 1,
)42S22;1054;Champ 'is_recycle' inconnu dans where clause
[ 2016-09-13T16:15:40+08:00 ]EXCEPTION: web\home\controller\Listpage 不存在
[ 2016-09-13T16:15:46+08:00 ]EXCEPTION: web\home\controller\Listpage 不存在
[ 2016-09-13T16:26:37+08:00 ]EXCEPTION: Method web\home\controller\Entry::__empty() does not exist
[ 2016-09-13T16:37:00+08:00 ]EXCEPTION: SELECT * FROM article  WHERE is_recyle = ?     ;BindParams:array (
  1 => 1,
)42S22;1054;Champ 'is_recyle' inconnu dans where clause
[ 2016-09-13T16:37:10+08:00 ]EXCEPTION: SELECT * FROM article  WHERE is_recyle = ?     ;BindParams:array (
  1 => 1,
)42S22;1054;Champ 'is_recyle' inconnu dans where clause
[ 2016-09-13T16:44:03+08:00 ]EXCEPTION: Method web\home\controller\Entry::__empty() does not exist
[ 2016-09-13T16:44:37+08:00 ]EXCEPTION: Method web\home\controller\Entry::__empty() does not exist
[ 2016-09-13T16:44:48+08:00 ]EXCEPTION: Method web\home\controller\Entry::__empty() does not exist
[ 2016-09-13T16:44:53+08:00 ]EXCEPTION: web\home\controller\Content 不存在
[ 2016-09-13T17:05:41+08:00 ]EXCEPTION: web\home\controller\Listpage 不存在
[ 2016-09-13T17:07:51+08:00 ]EXCEPTION: 模板不存在:./web/home/view/
[ 2016-09-13T17:08:05+08:00 ]EXCEPTION: 模板不存在:./web/home/view/
[ 2016-09-13T17:08:17+08:00 ]EXCEPTION: 模板不存在:./web/home/view/
[ 2016-09-13T17:08:17+08:00 ]EXCEPTION: 模板不存在:./web/home/view/
[ 2016-09-13T17:08:18+08:00 ]EXCEPTION: 模板不存在:./web/home/view/
[ 2016-09-13T17:08:18+08:00 ]EXCEPTION: 模板不存在:./web/home/view/
[ 2016-09-13T17:08:18+08:00 ]EXCEPTION: 模板不存在:./web/home/view/
[ 2016-09-13T17:09:01+08:00 ]EXCEPTION: 模板不存在:./web/home/view/
[ 2016-09-13T17:09:10+08:00 ]EXCEPTION: 模板不存在:./web/home/view/
[ 2016-09-13T17:09:36+08:00 ]EXCEPTION: 模板不存在:./web/home/view/
[ 2016-09-13T17:11:10+08:00 ]EXCEPTION: 模板不存在:./web/home/view/
[ 2016-09-13T17:11:10+08:00 ]EXCEPTION: 模板不存在:./web/home/view/
[ 2016-09-13T17:51:29+08:00 ]EXCEPTION: SELECT * FROM article article INNER JOIN article_tag article_tag ON aid = article_aid WHERE is_recycle = ? AND article_tid = ?     ;BindParams:array (
  1 => 1,
  2 => 3,
)42S22;1054;Champ 'article_tid' inconnu dans where clause
[ 2016-09-13T17:52:30+08:00 ]EXCEPTION: SELECT * FROM article article INNER JOIN article_tag article_tag ON aid = article_aid WHERE is_recycle = ? AND article_tid = ?     ;BindParams:array (
  1 => 1,
  2 => 3,
)42S22;1054;Champ 'article_tid' inconnu dans where clause
[ 2016-09-13T17:53:47+08:00 ]EXCEPTION: SELECT * FROM article article INNER JOIN article_tag article_tag ON aid = article_aid  INNER JOIN article_data article_data ON aid = article_aid WHERE is_recycle = ? AND tag_tid = ?     ;BindParams:array (
  1 => 1,
  2 => 7,
)23000;1052;Champ: 'article_aid' dans on clause est ambigu
[ 2016-09-13T17:53:58+08:00 ]EXCEPTION: SELECT * FROM article article INNER JOIN article_tag article_tag ON aid = article_aid  INNER JOIN article_data article_data ON aid = article_aid      ;BindParams:array (
)23000;1052;Champ: 'article_aid' dans on clause est ambigu
[ 2016-09-13T18:13:32+08:00 ]EXCEPTION: Method web\home\controller\Listpage::__empty() does not exist
[ 2016-09-13T18:24:13+08:00 ]EXCEPTION: SELECT * FROM article article INNER JOIN category category ON = category_cid =      ;BindParams:array (
)42000;1064;Erreur de syntaxe près de '= category_cid =' à la ligne 1
[ 2016-09-13T18:33:33+08:00 ]EXCEPTION: web\home\controller\Content 不存在
[ 2016-09-13T19:29:01+08:00 ]EXCEPTION: Method web\home\controller\Listpage::__empty() does not exist
[ 2016-09-13T19:41:37+08:00 ]EXCEPTION: Method web\home\controller\Entry::__empty() does not exist
[ 2016-09-13T19:41:57+08:00 ]EXCEPTION: Method web\home\controller\Entry::__empty() does not exist
[ 2016-09-13T19:48:42+08:00 ]EXCEPTION: SELECT * FROM category  WHERE category_cid = ?     ;BindParams:array (
  1 => '7',
)42S22;1054;Champ 'category_cid' inconnu dans where clause
[ 2016-09-13T19:49:34+08:00 ]EXCEPTION: SELECT * FROM category category INNER JOIN article article ON category_aid = aid WHERE cid = ?     ;BindParams:array (
  1 => '7',
)42S22;1054;Champ 'category_aid' inconnu dans on clause
